<?xml version="1.0" encoding="UTF-8"?>
<!-- Generated by org.testng.reporters.JUnitXMLReporter -->
<testsuite hostname="WIN2012R2-W9NW3" ignored="0" name="Test" tests="3" failures="0" timestamp="14 Jan 2019 03:04:01 GMT" time="54.665" errors="0">
  <testcase name="verifyProductDetails" time="4.092" classname="com.item.page.ItemPage"/>
  <testcase name="verifyAddtoCartFunction" time="7.799" classname="com.item.page.ItemPage"/>
  <testcase name="verifyCartCheckoutAndPayment" time="18.591" classname="com.item.page.ItemPage"/>
</testsuite> <!-- Test -->
