<?xml version="1.0" encoding="UTF-8"?>
<!-- Generated by org.testng.reporters.JUnitXMLReporter -->
<testsuite hostname="WIN2012R2-W9NW3" ignored="0" name="Walmart.ca item page" tests="1" failures="1" timestamp="11 Jan 2019 18:39:16 GMT" time="24.353" errors="0">
  <testcase name="testScript1" time="24.25" classname="walmart.item.page.ItemPage">
    <failure type="org.openqa.selenium.WebDriverException" message="Timed out waiting for driver server to start.
Build info: version: &amp;apos;3.141.59&amp;apos;, revision: &amp;apos;e82be7d358&amp;apos;, time: &amp;apos;2018-11-14T08:25:48&amp;apos;
System info: host: &amp;apos;WIN2012R2-W9NW3&amp;apos;, ip: &amp;apos;10.87.79.23&amp;apos;, os.name: &amp;apos;Windows Server 2012 R2&amp;apos;, os.arch: &amp;apos;amd64&amp;apos;, os.version: &amp;apos;6.3&amp;apos;, java.version: &amp;apos;1.8.0_161&amp;apos;
Driver info: driver.version: ChromeDriver">
      <![CDATA[org.openqa.selenium.WebDriverException: Timed out waiting for driver server to start.
Build info: version: '3.141.59', revision: 'e82be7d358', time: '2018-11-14T08:25:48'
System info: host: 'WIN2012R2-W9NW3', ip: '10.87.79.23', os.name: 'Windows Server 2012 R2', os.arch: 'amd64', os.version: '6.3', java.version: '1.8.0_161'
Driver info: driver.version: ChromeDriver
at org.openqa.selenium.remote.service.DriverService.waitUntilAvailable(DriverService.java:202)
at org.openqa.selenium.remote.service.DriverService.start(DriverService.java:188)
at org.openqa.selenium.remote.service.DriverCommandExecutor.execute(DriverCommandExecutor.java:79)
at org.openqa.selenium.remote.RemoteWebDriver.execute(RemoteWebDriver.java:552)
at org.openqa.selenium.remote.RemoteWebDriver.startSession(RemoteWebDriver.java:213)
at org.openqa.selenium.remote.RemoteWebDriver.<init>(RemoteWebDriver.java:131)
at org.openqa.selenium.chrome.ChromeDriver.<init>(ChromeDriver.java:181)
at org.openqa.selenium.chrome.ChromeDriver.<init>(ChromeDriver.java:168)
at org.openqa.selenium.chrome.ChromeDriver.<init>(ChromeDriver.java:123)
at walmart.item.page.ItemPage.launchBrowser(ItemPage.java:30)
at walmart.item.page.ItemPage.testScript1(ItemPage.java:24)
Caused by: org.openqa.selenium.net.UrlChecker$TimeoutException: Timed out waiting for [http://localhost:42968/status] to be available after 20005 ms
at org.openqa.selenium.net.UrlChecker.waitUntilAvailable(UrlChecker.java:100)
at org.openqa.selenium.remote.service.DriverService.waitUntilAvailable(DriverService.java:197)
... 35 more
Caused by: java.util.concurrent.TimeoutException
at java.util.concurrent.FutureTask.get(Unknown Source)
at com.google.common.util.concurrent.SimpleTimeLimiter.callWithTimeout(SimpleTimeLimiter.java:156)
at org.openqa.selenium.net.UrlChecker.waitUntilAvailable(UrlChecker.java:75)
... 36 more
... Removed 25 stack frames]]>
    </failure>
  </testcase> <!-- testScript1 -->
</testsuite> <!-- Walmart.ca item page -->
